LIG: 0.926583 0.541623 2.32135 -1.96904 -8.93765 -2.37821
-0.847  0.317   0.427   -0.447  -0.860  -0.246  0.289   -0.399  0.870   3.497   7.646   0.755   840.343
-0.800  -0.578  0.164   -0.414  0.728   0.546   -0.435  0.369   -0.821  3.597   6.745   -3.123  827.525
-0.804  -0.574  0.155   -0.415  0.728   0.546   -0.426  0.375   -0.823  3.654   6.862   -2.997  825.268
-0.894  0.214   0.395   0.307   0.933   0.189   -0.327  0.290   -0.899  -2.281  12.751  -1.512  787.702
-0.938  -0.086  0.335   -0.008  0.974   0.228   -0.346  0.211   -0.914  -0.789  9.657   -1.251  782.293
-0.927  0.029   0.373   0.114   0.971   0.208   -0.356  0.236   -0.904  -1.584  10.800  -1.451  780.318
-0.920  -0.370  0.130   -0.277  0.847   0.454   -0.278  0.382   -0.881  1.832   7.689   -1.608  753.239
-0.928  -0.270  0.257   -0.182  0.930   0.319   -0.325  0.249   -0.912  0.652   8.235   -1.220  745.271
-0.935  0.246   0.255   0.295   0.940   0.173   -0.198  0.237   -0.951  -2.274  12.536  -0.241  743.680
-0.900  -0.336  0.278   -0.128  0.813   0.568   -0.417  0.475   -0.775  1.098   8.830   -3.753  743.671
0.706   0.708   -0.001  0.590   -0.589  -0.552  -0.391  0.389   -0.834  10.678  31.329  -3.339  741.520
-0.405  0.816   0.412   0.837   0.512   -0.193  -0.369  0.266   -0.891  1.405   8.277   -2.352  740.244
-0.860  -0.467  0.206   -0.371  0.849   0.377   -0.351  0.248   -0.903  0.829   4.987   -1.316  734.484
-0.942  0.215   0.257   0.265   0.948   0.177   -0.205  0.234   -0.950  -2.284  11.748  -0.318  730.660
-0.926  -0.070  0.372   0.007   0.980   0.200   -0.379  0.187   -0.906  -1.121  9.740   -1.444  725.380
0.010   0.955   0.296   0.924   0.104   -0.369  -0.383  0.277   -0.881  1.240   23.606  -1.933  723.474
0.746   0.666   0.005   0.551   -0.614  -0.565  -0.373  0.424   -0.825  11.366  30.547  -3.093  722.971
0.930   -0.031  -0.367  -0.163  -0.929  -0.333  -0.331  0.369   -0.868  16.071  31.165  -3.050  722.833
-0.917  0.149   0.370   0.227   0.958   0.175   -0.328  0.244   -0.913  -2.503  11.762  -1.340  721.269
0.740   0.670   0.054   0.590   -0.609  -0.530  -0.323  0.424   -0.846  11.140  31.209  -2.559  713.808
-0.854  0.304   0.422   -0.445  -0.848  -0.288  0.271   -0.433  0.860   2.931   7.527   0.315   704.895
-0.918  -0.031  0.396   0.057   0.976   0.208   -0.393  0.214   -0.894  -1.102  9.847   -1.919  704.666
0.508   0.860   0.048   0.800   -0.451  -0.396  -0.319  0.240   -0.917  3.257   31.788  -0.937  704.248
-0.860  -0.355  0.366   0.118   -0.837  -0.535  0.496   -0.417  0.762   0.238   13.845  2.420   694.464
0.926   0.272   -0.264  0.178   -0.927  -0.331  -0.334  0.259   -0.906  14.255  32.495  -1.092  691.617
-0.876  -0.445  0.184   -0.368  0.865   0.342   -0.311  0.232   -0.922  0.739   5.266   -0.724  688.568
0.740   -0.472  -0.480  -0.569  -0.819  -0.073  -0.358  0.327   -0.874  23.876  25.190  -2.768  686.972
0.752   -0.454  -0.477  -0.555  -0.827  -0.089  -0.354  0.332   -0.874  23.819  25.330  -2.857  681.308
0.873   0.125   -0.472  -0.130  -0.872  -0.472  -0.471  0.473   -0.745  12.234  29.466  -4.616  673.062
0.514   0.856   0.045   0.804   -0.464  -0.371  -0.297  0.227   -0.927  3.563   31.706  -0.608  666.633
0.884   0.261   -0.389  0.023   -0.854  -0.520  -0.467  0.451   -0.760  6.031   25.060  -3.789  661.052
-0.898  -0.380  0.222   -0.162  0.755   0.636   -0.409  0.535   -0.739  1.382   8.810   -4.151  656.096
0.955   -0.024  -0.295  -0.140  -0.915  -0.379  -0.260  0.403   -0.877  14.053  31.375  -2.041  652.012
0.913   0.260   -0.316  0.088   -0.879  -0.469  -0.399  0.400   -0.825  6.170   25.558  -2.830  651.055
0.649   0.758   0.067   0.696   -0.556  -0.455  -0.307  0.342   -0.888  4.868   31.233  -1.146  650.850
0.891   0.293   -0.348  0.048   -0.822  -0.568  -0.452  0.489   -0.746  11.418  31.500  -4.338  646.365
-0.985  0.074   0.154   0.108   0.967   0.231   -0.132  0.244   -0.961  -2.706  11.981  -0.168  646.253
0.863   0.066   -0.501  -0.188  -0.878  -0.440  -0.469  0.474   -0.745  12.331  28.810  -4.508  645.742
0.752   0.656   0.062   0.590   -0.627  -0.509  -0.295  0.419   -0.859  11.484  30.929  -2.001  644.570
0.417   0.907   0.058   -0.738  0.301   0.605   0.531   -0.294  0.795   -1.300  18.202  3.922   643.148
0.541   0.819   0.193   -0.731  0.344   0.589   0.415   -0.460  0.785   -1.033  24.028  3.155   638.965
-0.985  -0.130  0.117   -0.082  0.934   0.348   -0.154  0.333   -0.930  -1.145  10.708  -1.255  633.317
-0.145  0.937   0.317   0.953   0.219   -0.210  -0.267  0.272   -0.925  2.905   30.677  -0.282  622.696
0.823   -0.036  -0.567  -0.182  -0.962  -0.204  -0.538  0.271   -0.798  23.683  24.469  -3.483  621.122
0.689   0.722   0.065   0.663   -0.592  -0.458  -0.292  0.358   -0.887  5.514   30.878  -1.106  618.059
-0.406  0.846   0.346   0.799   0.513   -0.314  -0.443  0.149   -0.884  1.124   8.461   -1.480  617.721
-0.884  -0.428  0.189   -0.252  0.776   0.578   -0.394  0.463   -0.794  -0.227  15.685  -2.311  616.213
-0.206  0.932   0.297   0.949   0.264   -0.169  -0.236  0.247   -0.940  2.168   30.225  -0.010  610.645
0.007   0.971   0.238   0.960   0.060   -0.273  -0.280  0.230   -0.932  1.435   23.989  -0.862  607.746
0.794   0.586   -0.163  -0.484  0.771   0.414   0.369   -0.250  0.896   -0.614  15.119  2.984   602.995
0.293   0.912   0.288   -0.769  0.046   0.638   0.568   -0.409  0.714   -2.175  23.688  3.520   597.828
-0.880  0.066   0.470   0.134   0.984   0.113   -0.455  0.163   -0.876  -1.477  11.071  -1.999  595.163
0.201   0.964   0.175   0.872   -0.095  -0.480  -0.447  0.249   -0.859  0.657   16.884  -1.457  594.979
-0.944  -0.265  0.197   -0.223  0.951   0.212   -0.244  0.156   -0.957  0.616   7.846   -0.015  593.161
0.177   0.970   0.168   0.881   -0.080  -0.467  -0.440  0.230   -0.868  0.659   16.844  -1.229  590.287
0.475   0.845   0.245   -0.742  0.234   0.628   0.473   -0.480  0.739   -1.452  24.696  3.547   590.266
-0.487  0.844   0.226   0.852   0.516   -0.087  -0.190  0.150   -0.970  -3.770  25.059  1.233   585.726
0.344   0.938   0.041   -0.763  0.254   0.594   0.547   -0.236  0.804   -2.065  18.645  3.860   584.101
0.018   0.909   0.417   0.805   0.234   -0.546  -0.594  0.345   -0.727  1.237   13.694  -3.126  580.600
-0.989  0.128   0.068   0.141   0.962   0.233   -0.036  0.240   -0.970  -2.709  12.058  0.410   576.290
0.868   0.494   0.052   -0.474  0.792   0.385   0.149   -0.359  0.921   -2.575  14.761  2.540   572.587
0.262   0.914   0.309   -0.777  0.010   0.629   0.572   -0.405  0.713   -2.402  24.041  3.483   569.519
0.918   0.317   -0.237  0.245   -0.926  -0.288  -0.311  0.206   -0.928  13.626  32.988  -0.065  568.781
0.894   0.368   -0.257  0.117   -0.743  -0.659  -0.433  0.559   -0.707  15.097  28.108  -3.901  568.352
0.411   0.861   0.298   -0.714  0.101   0.693   0.567   -0.498  0.656   -1.615  23.804  3.601   565.423
0.156   0.880   0.449   -0.838  -0.123  0.532   0.523   -0.459  0.718   -2.474  22.746  3.173   564.741
0.412   0.866   0.283   -0.708  0.109   0.697   0.573   -0.488  0.658   -1.450  24.093  3.559   553.964
0.104   0.918   0.382   -0.986  0.045   0.160   0.129   -0.393  0.910   0.265   16.133  0.939   553.821
-0.636  -0.772  -0.011  -0.689  0.562   0.458   -0.347  0.299   -0.889  4.519   2.689   -2.667  545.732
0.988   0.149   0.036   -0.149  0.882   0.447   0.035   -0.447  0.894   0.624   10.287  0.678   544.736
-0.358  -0.934  -0.018  0.764   -0.282  -0.581  0.537   -0.221  0.814   9.763   34.590  1.756   542.349
-0.989  -0.145  0.027   -0.132  0.950   0.282   -0.066  0.275   -0.959  -0.618  10.348  -0.696  534.225
0.280   0.912   0.300   -0.839  0.080   0.539   0.467   -0.402  0.787   1.155   21.833  1.910   534.112
0.872   0.477   0.110   -0.479  0.786   0.391   0.100   -0.394  0.914   -2.470  14.220  2.781   532.548
-0.093  0.835   0.542   0.813   0.378   -0.443  -0.575  0.400   -0.714  3.420   9.659   -3.428  531.723
-0.870  0.043   0.492   0.103   0.990   0.096   -0.483  0.134   -0.866  -1.246  10.544  -2.210  527.875
0.925   -0.173  -0.337  -0.237  -0.959  -0.156  -0.296  0.224   -0.928  18.539  32.851  -0.268  527.223
-0.527  0.438   0.728   0.522   0.843   -0.130  -0.671  0.311   -0.673  4.245   4.243   -2.714  517.733
-0.893  -0.434  0.117   -0.280  0.740   0.612   -0.352  0.514   -0.782  -0.444  15.643  -2.165  517.193
-0.434  -0.900  0.038   0.703   -0.365  -0.610  0.563   -0.238  0.791   8.386   35.537  1.972   516.706
-0.710  0.634   0.305   0.700   0.683   0.209   -0.076  0.362   -0.929  -1.614  17.405  -0.780  514.696
-0.550  -0.829  -0.104  -0.824  0.517   0.231   -0.138  0.213   -0.967  -0.258  4.421   1.166   509.886
0.955   -0.031  -0.294  -0.192  -0.821  -0.537  -0.225  0.570   -0.790  14.738  30.655  -3.155  509.810
0.767   -0.066  -0.638  -0.210  -0.966  -0.153  -0.606  0.251   -0.755  24.144  23.701  -3.986  507.213
0.792   -0.245  -0.559  0.317   0.948   0.034   0.522   -0.204  0.828   -1.353  16.619  3.919   505.485
0.943   0.331   0.021   -0.328  0.923   0.200   0.047   -0.196  0.980   -0.926  14.748  0.331   496.970
-0.834  -0.543  0.093   -0.315  0.608   0.729   -0.452  0.579   -0.678  2.781   10.434  -3.479  496.641
0.592   0.806   0.026   -0.687  0.487   0.540   0.423   -0.337  0.841   -1.213  24.485  3.192   496.280
-0.368  0.607   0.705   0.697   0.681   -0.223  -0.615  0.409   -0.674  3.325   8.553   -3.446  488.587
-0.497  -0.858  0.132   -0.818  0.513   0.260   -0.291  0.021   -0.957  -2.364  16.400  0.730   482.595
0.668   0.744   0.002   0.512   -0.458  -0.727  -0.540  0.487   -0.687  22.477  26.274  -4.632  480.062
-0.113  0.805   0.583   0.763   0.446   -0.468  -0.636  0.392   -0.664  3.865   8.838   -3.496  478.128
-0.340  -0.865  -0.368  -0.920  0.224   0.322   -0.196  0.448   -0.872  0.203   19.434  -1.500  475.255
-0.519  0.469   0.715   0.496   0.846   -0.196  -0.696  0.253   -0.672  3.947   4.371   -2.140  473.698
-0.690  -0.724  0.003   -0.697  0.665   0.267   -0.195  0.183   -0.964  -0.978  11.864  0.061   472.762
0.616   0.740   0.269   -0.670  0.313   0.673   0.414   -0.595  0.689   -1.434  23.643  3.406   471.150
-0.638  0.713   0.290   0.764   0.632   0.128   -0.092  0.303   -0.948  -4.149  12.988  1.729   470.589
0.032   0.875   0.482   0.780   0.280   -0.560  -0.625  0.394   -0.674  0.915   13.203  -3.264  459.842
-0.741  -0.671  -0.010  -0.635  0.696   0.336   -0.219  0.256   -0.942  -0.206  19.841  -0.959  456.043
-0.959  -0.284  -0.010  -0.247  0.816   0.523   -0.140  0.504   -0.852  1.270   7.683   -1.240  454.956
-0.850  0.509   0.137   0.526   0.833   0.172   -0.026  0.218   -0.976  -5.165  11.504  2.634   454.342
-0.176  0.733   0.657   0.759   0.526   -0.384  -0.627  0.431   -0.649  8.557   26.768  -4.438  449.901
0.493   0.865   0.096   -0.801  0.409   0.437   0.338   -0.292  0.894   -1.544  23.697  3.057   449.670
-0.507  0.840   0.194   0.839   0.533   -0.114  -0.199  0.105   -0.974  -2.104  28.655  1.001   449.197
-0.525  -0.842  -0.121  -0.850  0.512   0.125   -0.043  0.169   -0.985  0.195   4.363   2.480   446.100
0.088   -0.723  -0.686  -0.777  -0.480  0.407   -0.623  0.497   -0.604  35.108  9.957   -5.130  445.587
0.466   0.809   0.359   -0.626  0.014   0.780   0.626   -0.588  0.513   -2.283  23.412  4.182   440.673
0.143   -0.969  -0.203  -0.978  -0.107  -0.178  0.151   0.224   -0.963  -0.579  8.875   4.450   438.217
0.744   -0.049  -0.666  -0.188  -0.972  -0.138  -0.641  0.228   -0.733  23.443  23.802  -4.199  432.187
0.514   0.763   0.392   -0.794  0.250   0.555   0.325   -0.596  0.734   -1.869  22.804  3.048   428.552
0.454   -0.602  -0.657  -0.694  -0.701  0.163   -0.559  0.382   -0.736  12.321  30.752  -2.813  428.423
0.245   0.964   0.102   -0.960  0.228   0.160   0.131   -0.137  0.982   0.405   13.694  0.765   427.772
-0.352  0.618   0.703   0.561   0.740   -0.370  -0.749  0.264   -0.608  3.199   6.010   -2.748  427.074
-0.350  0.589   0.728   0.745   0.647   -0.165  -0.568  0.484   -0.666  6.623   27.211  -3.300  423.228
0.154   0.911   0.382   -0.988  0.130   0.088   0.031   -0.391  0.920   0.826   16.362  0.043   422.272
-0.365  -0.844  -0.392  -0.912  0.240   0.332   -0.186  0.479   -0.858  0.256   19.099  -1.444  420.163
0.755   -0.023  -0.655  -0.147  -0.980  -0.135  -0.639  0.198   -0.744  23.515  24.050  -3.756  418.008
0.057   -0.998  0.036   0.923   0.039   -0.382  0.380   0.055   0.923   8.647   31.699  -1.844  414.854
-0.164  0.704   0.692   0.718   0.565   -0.405  -0.676  0.430   -0.598  8.553   26.948  -4.650  414.309
-0.467  0.336   0.818   0.449   0.887   -0.108  -0.761  0.317   -0.566  5.356   3.697   -3.123  413.834
0.047   -0.999  -0.003  0.983   0.047   -0.180  0.180   0.005   0.984   9.640   30.439  -3.435  413.425
0.548   0.835   0.045   -0.662  0.401   0.633   0.511   -0.377  0.772   -0.934  25.577  3.906   413.017
0.450   0.793   0.411   -0.698  0.026   0.716   0.557   -0.609  0.565   -2.304  22.725  3.721   412.580
-0.715  0.679   0.165   0.697   0.673   0.249   0.058   0.293   -0.954  -4.155  11.219  3.195   408.732
0.809   -0.282  -0.515  -0.321  -0.947  0.014   -0.492  0.154   -0.857  13.847  34.251  -0.553  407.273
0.161   -0.984  0.080   0.936   0.126   -0.330  0.315   0.128   0.941   8.550   30.538  -2.810  403.223
0.815   0.550   -0.180  -0.482  0.817   0.316   0.321   -0.171  0.932   -0.397  14.730  3.084   401.907
0.511   0.786   0.348   -0.750  0.209   0.628   0.421   -0.582  0.696   -2.057  18.166  2.394   401.668
-0.473  0.879   0.057   0.879   0.475   -0.041  -0.063  0.031   -0.998  -2.748  25.295  3.584   399.292
-0.359  0.554   0.751   0.638   0.733   -0.236  -0.681  0.394   -0.616  3.771   7.839   -3.521  398.555
0.174   -0.868  -0.465  -0.948  -0.275  0.160   -0.267  0.413   -0.871  37.305  5.810   -2.871  397.116
-0.650  0.745   0.151   0.756   0.612   0.235   0.083   0.266   -0.960  -4.396  12.054  3.796   396.704
0.036   -0.996  -0.076  0.983   0.049   -0.178  0.181   -0.069  0.981   9.490   30.573  -2.633  395.451
0.159   -0.984  -0.073  0.967   0.171   -0.189  0.198   -0.041  0.979   10.118  29.471  -2.526  394.715
-0.917  0.306   0.255   0.388   0.832   0.398   -0.091  0.464   -0.881  -2.860  18.927  -0.200  391.479
0.465   0.794   0.391   -0.626  -0.018  0.780   0.626   -0.607  0.489   -2.260  23.847  4.179   389.915
-0.226  0.799   0.557   0.658   0.547   -0.517  -0.718  0.250   -0.649  1.899   10.288  -2.074  385.307
0.884   0.467   0.033   0.416   -0.750  -0.514  -0.216  0.467   -0.857  2.252   28.857  -0.867  384.406
0.906   0.422   0.024   0.405   -0.852  -0.330  -0.118  0.309   -0.944  26.975  28.621  0.524   382.699
-0.471  0.408   0.782   0.424   0.882   -0.205  -0.774  0.235   -0.589  4.599   4.047   -1.997  381.091
-0.808  0.560   0.184   0.589   0.758   0.281   0.019   0.335   -0.942  -4.145  11.478  2.753   379.833
-0.785  0.617   0.054   0.599   0.735   0.318   0.156   0.282   -0.947  -2.976  10.464  3.582   373.911
-0.863  0.451   0.227   0.504   0.736   0.453   0.037   0.505   -0.862  -1.695  13.910  -1.726  372.556
0.969   0.028   0.247   -0.150  0.859   0.490   -0.198  -0.511  0.836   1.002   10.327  -0.061  370.243
0.991   -0.122  0.063   0.119   0.992   0.051   -0.069  -0.043  0.997   -1.238  21.990  -1.443  368.483
-0.294  -0.901  0.319   0.503   0.137   0.853   -0.813  0.411   0.413   5.940   29.653  -0.418  364.562
0.681   0.725   -0.099  0.348   -0.440  -0.828  -0.644  0.530   -0.553  22.943  24.989  -5.908  364.434
-0.127  0.772   0.623   0.721   0.503   -0.477  -0.682  0.389   -0.620  3.851   8.820   -3.036  362.460
-0.948  -0.303  0.094   -0.195  0.792   0.579   -0.250  0.531   -0.810  1.402   12.211  -0.584  359.283
-0.930  -0.357  -0.089  0.366   -0.921  -0.133  -0.034  -0.156  0.987   21.288  26.836  0.444   357.550
0.301   0.681   0.667   0.162   0.653   -0.740  -0.940  0.331   0.086   -0.370  9.203   0.281   356.805
0.656   0.644   0.394   -0.450  0.753   -0.480  -0.606  0.138   0.784   1.583   8.500   0.719   356.523
0.242   0.903   0.354   0.627   0.133   -0.768  -0.740  0.408   -0.534  14.754  23.172  -7.563  356.510
0.206   0.974   -0.097  0.823   -0.226  -0.520  -0.529  0.028   -0.848  4.452   31.763  -1.659  356.308
-0.648  0.715   0.265   0.758   0.569   0.320   0.078   0.408   -0.910  -1.575  18.378  -0.512  353.431
-0.262  -0.888  -0.378  -0.783  -0.033  0.621   -0.564  0.459   -0.686  0.599   20.050  -3.496  351.026
0.314   0.876   0.366   -0.744  -0.013  0.669   0.591   -0.482  0.647   1.630   22.767  2.257   350.335
0.429   0.897   0.106   -0.830  0.345   0.439   0.357   -0.277  0.892   -1.789  24.282  3.562   350.302
0.485   0.787   0.381   -0.824  0.266   0.500   0.293   -0.556  0.778   -1.056  17.372  1.191   349.614
0.093   0.685   0.722   -0.960  -0.132  0.249   0.266   -0.716  0.645   -3.362  16.900  3.191   348.807
-0.338  0.551   0.763   0.453   0.806   -0.381  -0.825  0.217   -0.522  3.849   5.315   -2.363  345.717
0.085   -0.948  -0.307  -0.995  -0.063  -0.081  0.058   0.312   -0.948  -0.782  8.110   3.734   343.799
0.879   -0.233  -0.417  -0.240  -0.970  0.038   -0.413  0.067   -0.908  19.218  32.269  -0.560  340.791
0.589   0.102   -0.802  -0.499  -0.735  -0.460  -0.636  0.671   -0.382  7.300   24.833  -6.497  337.426
-0.435  0.410   0.802   0.481   0.859   -0.177  -0.761  0.308   -0.571  4.871   6.196   -2.921  336.758
-0.631  0.737   0.244   -0.713  -0.674  0.194   0.308   -0.052  0.950   3.612   24.672  -2.962  335.025
-0.198  0.488   0.850   0.714   0.666   -0.216  -0.671  0.565   -0.480  7.250   27.114  -4.139  333.234
0.889   0.456   0.051   0.393   -0.700  -0.596  -0.236  0.550   -0.801  10.683  33.940  -0.800  332.677
0.459   0.822   0.337   0.571   0.018   -0.821  -0.681  0.569   -0.461  16.856  22.147  -6.798  332.587
0.982   -0.169  0.086   0.171   0.985   -0.010  -0.083  0.024   0.996   -0.640  22.461  -1.559  331.703
0.608   0.761   -0.228  0.721   -0.649  -0.242  -0.333  -0.017  -0.943  5.403   31.529  -1.873  331.360
0.771   0.619   -0.153  0.122   -0.378  -0.918  -0.625  0.689   -0.367  24.057  18.516  -6.633  328.375
0.273   0.634   0.723   0.211   0.694   -0.688  -0.939  0.340   0.055   -0.444  9.175   0.077   327.928
-0.840  0.542   0.037   0.508   0.758   0.409   0.193   0.363   -0.912  -2.477  8.916   2.611   327.632
-0.202  0.800   0.564   0.594   0.558   -0.579  -0.779  0.218   -0.588  1.686   10.139  -1.823  326.036
0.324   -0.535  -0.781  -0.560  -0.773  0.298   -0.763  0.341   -0.550  11.738  30.997  -2.638  326.017
-0.366  0.539   0.759   0.444   0.818   -0.367  -0.818  0.203   -0.538  5.077   5.966   -2.183  321.968
-0.144  0.704   0.695   0.623   0.610   -0.489  -0.769  0.362   -0.527  4.557   7.635   -3.020  318.484
0.740   0.334   -0.584  -0.139  -0.773  -0.619  -0.658  0.539   -0.525  21.370  23.762  -4.592  316.410
0.796   0.538   -0.277  0.582   -0.806  0.107   -0.165  -0.246  -0.955  6.452   36.724  3.040   316.136
-0.059  -0.498  -0.865  -0.601  -0.675  0.429   -0.797  0.545   -0.259  9.635   3.962   -9.875  315.375
-0.224  -0.921  -0.320  -0.829  0.007   0.559   -0.512  0.390   -0.765  9.475   28.698  -3.028  315.105
-0.366  -0.840  -0.401  -0.670  0.537   -0.513  0.646   0.081   -0.759  -5.392  17.069  11.493  314.552
0.093   0.951   0.295   -0.995  0.103   -0.016  -0.046  -0.292  0.955   0.846   16.392  -0.387  314.240
-0.065  -0.935  -0.349  -0.927  -0.073  0.367   -0.369  0.347   -0.862  9.565   30.717  -2.010  313.951
-0.837  0.256   0.484   -0.408  0.296   -0.863  -0.365  -0.920  -0.143  -8.423  20.059  15.535  310.914
-0.408  -0.811  -0.420  -0.665  -0.051  0.745   -0.625  0.583   -0.518  8.976   4.830   -9.252  310.763
-0.424  -0.747  -0.512  -0.812  0.063   0.581   -0.401  0.662   -0.633  8.093   21.698  -7.060  310.460
-0.836  -0.535  0.121   -0.124  0.399   0.909   -0.535  0.745   -0.399  2.904   12.385  -4.262  309.788
-0.761  0.647   0.058   0.609   0.680   0.407   0.224   0.345   -0.912  -3.216  9.705   3.415   309.730
-0.993  -0.064  -0.103  -0.108  0.080   0.991   -0.055  0.995   -0.086  -2.617  13.533  2.520   308.916
-0.741  0.256   0.621   -0.313  -0.949  0.017   0.594   -0.182  0.784   8.706   30.736  -0.617  306.372
-0.941  -0.072  -0.331  -0.312  0.566   0.763   0.133   0.821   -0.555  -2.026  12.010  3.912   305.700
0.163   -0.971  0.173   0.937   0.098   -0.334  0.308   0.217   0.927   8.509   30.616  -4.050  302.443
0.578   0.810   -0.093  -0.509  0.448   0.735   0.637   -0.378  0.672   -1.734  26.464  4.329   302.145
-0.246  -0.894  -0.375  -0.969  0.233   0.082   0.014   0.384   -0.923  6.807   28.160  -1.842  302.131
-0.066  -0.890  -0.451  -0.920  0.230   -0.318  0.386   0.394   -0.834  41.481  4.916   5.867   301.939
-0.866  0.034   0.498   0.305   0.825   0.476   -0.395  0.564   -0.725  1.530   22.390  -2.937  300.975
-0.109  0.690   0.715   -0.715  -0.554  0.426   0.691   -0.465  0.554   -6.654  10.884  9.252   300.367
-0.984  -0.075  -0.161  -0.171  0.163   0.972   -0.046  0.984   -0.173  -1.872  13.809  3.197   299.923
-0.785  0.593   -0.177  0.564   0.803   0.189   0.255   0.049   -0.966  -3.925  20.697  2.599   299.453
-0.814  0.215   0.540   -0.435  0.390   -0.812  -0.385  -0.895  -0.224  -9.177  18.601  15.979  299.168
0.758   -0.598  -0.260  -0.564  -0.801  0.198   -0.327  -0.003  -0.945  38.523  14.769  -0.810  297.048
0.820   -0.295  -0.490  -0.270  -0.955  0.124   -0.505  0.031   -0.863  13.715  34.817  1.147   296.861
-0.595  -0.140  -0.791  -0.770  -0.184  0.612   -0.231  0.973   0.002   0.878   3.919   -0.263  296.454
-0.242  -0.903  -0.356  -0.969  0.241   0.049   0.041   0.357   -0.933  7.041   28.126  -1.971  294.005
-0.594  -0.664  0.454   -0.286  0.702   0.652   -0.752  0.258   -0.607  1.752   18.015  -1.039  293.975
-0.653  0.632   0.417   0.678   0.733   -0.049  -0.336  0.251   -0.908  -0.213  9.945   1.704   293.715
-0.074  -0.994  0.080   0.747   -0.108  -0.656  0.661   0.011   0.750   21.036  31.911  2.024   291.880
-0.393  -0.902  0.179   0.912   -0.406  -0.047  0.115   0.145   0.983   22.222  19.976  -6.077  291.868
-0.831  0.554   -0.050  0.534   0.820   0.207   0.156   0.145   -0.977  -4.295  11.716  4.740   288.040
0.399   -0.415  -0.817  -0.669  -0.741  0.050   -0.627  0.527   -0.574  24.760  15.305  -8.291  287.033
-0.141  0.552   0.822   -0.476  0.690   -0.546  -0.868  -0.468  0.165   -1.017  6.389   4.159   286.244
0.829   0.473   0.299   0.559   -0.668  -0.491  -0.032  0.574   -0.818  1.589   28.828  -0.804  286.168
0.735   0.629   -0.252  0.202   -0.558  -0.805  -0.647  0.541   -0.537  3.477   25.894  -3.226  285.109
-0.769  -0.557  0.314   -0.161  0.644   0.748   -0.619  0.525   -0.584  1.333   17.901  -1.966  284.192
0.306   0.631   0.713   -0.279  0.776   -0.566  -0.910  -0.026  0.413   -1.542  8.344   2.332   283.833
-0.974  -0.224  0.029   0.226   -0.971  0.082   0.009   0.087   0.996   14.002  29.664  -0.389  283.408
0.986   -0.083  0.145   -0.101  -0.987  0.125   0.133   -0.138  -0.982  26.276  32.674  6.441   283.213
-0.679  -0.270  -0.683  -0.590  -0.353  0.726   -0.437  0.896   0.080   0.461   5.246   -1.215  280.781
-0.542  0.232   0.808   -0.285  0.854   -0.436  -0.791  -0.466  -0.396  -6.366  1.603   9.107   280.156
0.363   -0.931  -0.042  0.897   0.361   -0.254  0.251   0.055   0.966   10.241  26.815  -3.673  280.098
-0.481  -0.810  0.335   -0.863  0.505   -0.018  -0.154  -0.298  -0.942  -3.595  16.738  3.294   279.824
0.728   0.511   0.458   -0.510  0.849   -0.137  -0.459  -0.134  0.878   2.517   5.566   1.442   278.689
-0.513  -0.725  -0.459  -0.734  0.093   0.673   -0.445  0.682   -0.580  5.394   27.375  -5.221  278.396
0.867   0.169   -0.469  0.198   -0.980  0.012   -0.458  -0.104  -0.883  15.632  34.379  -1.185  277.710
0.908   0.404   0.114   0.405   -0.772  -0.491  -0.111  0.491   -0.864  2.410   28.633  -0.037  277.582
0.841   0.474   0.260   0.505   -0.518  -0.690  -0.192  0.712   -0.676  1.507   27.183  -2.363  277.005
-0.983  -0.181  -0.037  -0.082  0.251   0.964   -0.165  0.951   -0.262  -2.914  14.149  1.225   276.168
-0.328  0.386   0.862   0.401   0.883   -0.243  -0.855  0.266   -0.445  5.951   4.404   -2.563  274.933
0.111   0.844   0.525   -0.339  0.529   -0.778  -0.934  -0.091  0.345   0.682   9.268   2.809   274.130
0.776   0.519   0.357   0.614   -0.498  -0.612  -0.140  0.695   -0.705  1.123   28.342  -1.627  273.795
-0.969  0.244   -0.029  0.231   0.946   0.227   0.083   0.214   -0.973  -4.151  18.387  2.376   273.326
-0.696  0.280   0.661   -0.287  -0.952  0.101   0.658   -0.119  0.744   8.238   30.588  -1.291  272.567
0.039   0.563   0.826   0.610   0.641   -0.466  -0.791  0.522   -0.318  2.256   8.503   -1.446  271.254
-0.206  -0.927  -0.314  -0.869  0.025   0.495   -0.451  0.375   -0.810  9.454   28.721  -2.881  267.542
-0.978  0.203   -0.047  0.132   0.780   0.611   0.161   0.592   -0.790  -1.772  5.231   -0.337  267.419
-0.456  -0.743  0.489   -0.176  0.614   0.769   -0.872  0.265   -0.411  2.193   20.401  -0.985  266.999
-0.523  -0.715  -0.464  -0.828  0.556   0.076   0.204   0.423   -0.883  1.122   22.347  -1.742  266.031
0.105   -0.895  -0.433  -0.843  -0.311  0.440   -0.528  0.319   -0.787  12.877  31.933  -3.023  265.371
0.459   -0.644  0.612   0.000   0.689   0.725   -0.888  -0.333  0.316   5.498   29.100  0.612   264.893
0.691   0.054   -0.721  0.031   0.994   0.105   0.722   -0.095  0.685   0.634   9.282   0.318   263.000
-0.754  -0.592  0.286   -0.582  0.803   0.127   -0.305  -0.071  -0.950  -1.610  17.219  0.505   262.426
-0.829  -0.354  0.433   -0.346  0.933   0.099   -0.439  -0.068  -0.896  -2.519  18.194  -0.006  261.645
-0.586  -0.689  0.427   -0.286  0.669   0.686   -0.758  0.280   -0.589  1.440   19.953  -1.007  260.763
0.328   0.936   0.127   0.296   0.026   -0.955  -0.897  0.351   -0.268  0.597   16.458  -3.915  259.866
0.836   0.475   -0.276  -0.434  0.879   0.200   0.337   -0.047  0.940   -1.149  23.919  1.933   258.498
0.083   -0.941  -0.327  -0.913  -0.204  0.354   -0.400  0.269   -0.876  9.440   32.026  -1.117  257.968
0.488   -0.281  -0.827  0.435   0.899   -0.048  0.757   -0.336  0.561   -0.522  24.383  4.323   257.421
-0.374  -0.906  0.199   0.890   -0.411  -0.197  0.261   0.104   0.960   22.023  20.653  -5.014  256.728
-0.697  -0.718  -0.005  -0.710  0.690   -0.142  0.106   -0.096  -0.990  -1.054  12.730  3.478   256.242
-0.987  0.059   0.148   0.062   0.998   0.018   -0.146  0.027   -0.989  -3.684  17.661  2.427   255.944
-0.741  -0.648  -0.179  -0.664  0.746   0.047   0.103   0.154   -0.983  -2.802  7.139   4.346   255.857
-0.994  -0.072  0.088   -0.000  0.775   0.632   -0.114  0.628   -0.770  1.561   2.587   -2.698  255.082
0.262   0.653   0.710   -0.496  0.723   -0.481  -0.828  -0.226  0.513   2.179   7.834   2.233   254.995
-0.881  0.018   0.473   -0.343  0.663   -0.665  -0.325  -0.748  -0.578  -6.895  20.458  13.043  254.913
0.572   0.681   0.456   -0.820  0.473   0.322   0.004   -0.558  0.830   0.573   19.737  0.768   253.445
-0.807  -0.581  -0.104  -0.049  -0.111  0.993   -0.589  0.806   0.061   3.557   12.124  -6.358  252.371
0.638   0.691   0.339   -0.526  0.070   0.848   0.562   -0.719  0.408   -1.199  24.610  3.727   251.232
-0.802  -0.255  -0.540  -0.420  -0.400  0.814   -0.424  0.880   0.214   0.178   9.041   -1.627  250.398
0.681   0.350   -0.643  -0.723  0.180   -0.667  -0.117  0.919   0.376   2.450   25.866  0.137   248.144
-0.943  0.233   0.240   -0.307  -0.886  -0.346  0.132   -0.400  0.907   20.145  30.257  2.657   246.249
-0.798  -0.591  -0.121  -0.121  -0.039  0.992   -0.591  0.806   -0.041  2.886   12.060  -5.521  245.503
0.168   -0.894  -0.415  -0.892  -0.317  0.321   -0.419  0.316   -0.851  13.021  31.798  -3.196  243.897
0.654   -0.749  -0.109  -0.470  -0.514  0.717   -0.593  -0.418  -0.688  36.234  22.670  9.734   243.773
0.539   0.702   0.465   -0.836  0.516   0.189   -0.107  -0.491  0.865   0.190   18.829  -1.921  243.747
-0.817  0.570   -0.083  0.411   0.678   0.609   0.404   0.464   -0.789  -4.083  3.567   2.135   243.633
0.843   -0.531  -0.090  -0.538  -0.833  -0.132  -0.005  0.160   -0.987  38.379  15.224  1.193   243.447
-0.745  -0.501  -0.441  -0.410  -0.178  0.894   -0.526  0.847   -0.073  4.469   9.101   -5.413  243.053
0.422   0.833   -0.357  0.761   -0.540  -0.360  -0.492  -0.120  -0.862  3.943   31.612  -1.840  242.707
-0.884  0.060   -0.463  -0.463  -0.240  0.853   -0.060  0.969   0.240   -0.098  6.393   -1.051  242.403
-0.968  -0.099  -0.233  -0.237  0.674   0.700   0.087   0.732   -0.675  -2.120  11.440  3.228   242.092
0.540   0.686   0.488   -0.801  0.243   0.546   0.256   -0.686  0.681   -0.688  17.771  1.455   242.050
0.013   -0.857  -0.514  0.822   0.302   -0.483  0.570   -0.416  0.708   1.170   33.038  6.673   242.019
0.669   0.659   0.344   -0.545  0.120   0.830   0.505   -0.742  0.440   -0.733  24.684  3.435   241.968
-0.649  0.640   0.410   -0.179  0.395   -0.901  -0.739  -0.658  -0.142  -9.527  14.027  11.052  241.950
-0.636  -0.339  -0.693  -0.745  0.036   0.666   -0.201  0.940   -0.276  1.201   7.153   1.058   241.947
-0.283  -0.655  -0.700  -0.671  -0.387  0.633   -0.686  0.649   -0.330  31.337  9.566   -7.135  241.498
-0.704  -0.598  -0.384  -0.476  -0.003  0.879   -0.527  0.802   -0.283  5.199   8.139   -4.946  241.214
-0.945  -0.210  -0.252  -0.317  0.386   0.866   -0.085  0.898   -0.431  -1.401  9.726   1.166   240.178
-0.491  0.811   0.318   0.369   0.525   -0.767  -0.789  -0.259  -0.557  -5.533  11.246  6.288   239.881
0.630   0.533   -0.565  -0.729  0.155   -0.667  -0.267  0.832   0.486   3.255   25.186  -1.057  237.812
-0.644  -0.545  -0.537  -0.408  -0.349  0.844   -0.647  0.763   0.002   6.283   9.518   -6.277  236.047
-0.724  -0.611  0.320   -0.314  0.705   0.636   -0.614  0.360   -0.702  1.579   20.312  -1.341  235.000
-0.597  -0.669  0.443   -0.272  0.688   0.673   -0.755  0.281   -0.593  1.935   20.070  -1.214  234.955
-0.885  -0.454  -0.105  -0.185  0.550   -0.814  0.427   -0.701  -0.571  -5.201  21.078  7.652   234.347
0.046   0.474   0.879   0.770   0.543   -0.334  -0.636  0.693   -0.340  12.434  23.095  -6.730  233.924
0.295   -0.954  0.061   0.873   0.243   -0.424  0.389   0.178   0.904   9.316   28.771  -3.072  233.916
-0.787  -0.566  0.246   -0.602  0.792   -0.101  -0.138  -0.228  -0.964  -2.568  12.929  2.274   233.621
0.419   0.593   0.688   0.670   0.309   -0.675  -0.613  0.744   -0.267  15.660  23.228  -5.845  232.895
-0.525  0.764   0.375   0.213   0.545   -0.811  -0.824  -0.346  -0.448  -5.201  10.882  7.052   231.957
0.993   0.106   0.045   0.104   -0.993  0.063   0.052   -0.057  -0.997  28.999  29.956  5.884   231.151
0.979   0.180   -0.091  0.071   -0.727  -0.683  -0.189  0.663   -0.725  4.100   27.136  -1.723  230.657
0.544   0.655   0.525   -0.551  -0.193  0.812   0.633   -0.731  0.256   -2.228  24.704  4.629   229.083
-0.648  0.141   -0.748  0.681   -0.334  -0.652  -0.342  -0.932  0.121   23.620  34.274  14.067  228.910
-0.785  0.609   0.111   0.619   0.780   0.092   -0.031  0.141   -0.989  -3.139  24.635  2.725   228.656
0.103   -0.902  -0.420  -0.898  -0.266  0.350   -0.427  0.341   -0.837  12.803  31.293  -3.283  227.567
0.796   0.584   -0.161  -0.158  -0.057  -0.986  -0.585  0.810   0.047   4.274   26.067  -1.290  227.367
-0.886  -0.334  -0.321  -0.304  -0.105  0.947   -0.350  0.937   -0.009  -0.532  13.118  0.612   226.740
0.626   0.635   0.454   -0.606  0.029   0.795   0.491   -0.772  0.403   -1.564  23.866  3.536   226.368
-0.338  -0.889  -0.307  -0.736  0.454   -0.503  0.586   0.056   -0.808  -6.590  13.703  10.595  225.945
-0.808  -0.586  0.058   -0.584  0.782   -0.217  0.082   -0.210  -0.974  -2.018  17.906  3.474   225.724
0.660   0.638   -0.397  0.745   -0.621  0.242   -0.092  -0.456  -0.885  4.796   36.562  4.028   224.977
-0.403  0.117   -0.908  -0.913  0.021   0.408   0.066   0.993   0.098   0.032   24.655  1.584   224.638
0.810   0.416   0.412   0.582   -0.655  -0.482  0.070   0.630   -0.773  1.176   28.775  -0.346  224.559
0.169   0.641   0.749   -0.985  0.090   0.145   0.026   -0.762  0.647   0.123   14.848  -3.156  222.886
-0.942  -0.194  -0.272  -0.333  0.625   0.706   0.033   0.756   -0.654  -2.516  11.745  2.788   222.518
0.687   0.692   -0.222  -0.511  0.243   -0.825  -0.516  0.680   0.520   0.062   21.098  -1.208  222.332
0.939   0.215   -0.268  -0.068  -0.649  -0.758  -0.337  0.730   -0.595  4.045   25.565  -4.413  221.688
-0.819  0.570   -0.061  0.477   0.737   0.479   0.318   0.363   -0.876  -2.187  8.140   3.324   219.928
-0.938  0.131   0.322   -0.241  -0.913  -0.330  0.251   -0.387  0.887   21.602  30.223  2.808   219.626
-0.888  -0.455  -0.067  -0.443  0.808   0.389   -0.123  0.375   -0.919  0.798   23.380  -1.182  219.325
-0.572  0.580   0.581   -0.511  0.301   -0.805  -0.641  -0.757  0.124   -7.009  20.071  10.453  218.499
-0.616  -0.372  -0.694  -0.660  -0.238  0.713   -0.430  0.897   -0.098  1.375   4.906   -1.436  218.304
0.936   0.351   -0.034  0.260   -0.752  -0.606  -0.239  0.558   -0.795  12.034  32.952  -0.349  218.078
0.920   0.273   -0.281  -0.102  -0.525  -0.845  -0.378  0.806   -0.455  3.474   24.759  -5.174  217.860
-0.721  -0.618  0.315   -0.681  0.717   -0.152  -0.132  -0.324  -0.937  -2.242  12.915  2.894   217.153
-0.757  -0.626  0.187   -0.363  0.640   0.677   -0.544  0.444   -0.712  1.930   17.500  -1.064  216.894
0.551   0.711   0.436   -0.674  0.072   0.735   0.491   -0.699  0.519   -0.927  25.237  2.439   216.645
0.613   0.785   -0.084  0.544   -0.497  -0.676  -0.573  0.369   -0.732  20.676  22.342  -7.109  215.666
0.033   -0.843  -0.537  -0.626  -0.436  0.647   -0.779  0.315   -0.542  27.313  14.820  -8.559  214.626
-0.542  -0.822  -0.174  -0.753  0.567   -0.334  0.373   -0.051  -0.926  -4.687  20.378  6.657   213.628
0.261   0.898   -0.355  0.493   -0.440  -0.751  -0.830  0.021   -0.557  18.347  18.181  -10.435  213.200
-0.861  -0.175  -0.478  -0.408  -0.326  0.853   -0.305  0.929   0.210   3.265   8.510   -3.567  212.828
-0.894  -0.300  -0.333  0.280   -0.954  0.108   -0.350  0.004   0.937   20.864  27.050  -0.340  212.689
-0.895  -0.213  -0.392  -0.368  -0.143  0.919   -0.252  0.967   0.050   3.114   9.756   -2.122  212.360
0.592   0.803   0.066   0.497   -0.299  -0.815  -0.634  0.516   -0.576  3.352   27.175  -2.986  210.934
-0.817  -0.312  -0.485  0.048   -0.875  0.482   -0.575  0.371   0.730   20.693  26.501  -4.319  210.317
-0.779  -0.507  0.370   -0.595  0.783   -0.180  -0.198  -0.360  -0.912  -5.043  8.414   6.749   210.258
-0.765  0.643   0.029   -0.635  -0.761  0.129   0.105   0.080   0.991   18.866  29.121  -2.169  210.135
-0.829  -0.278  -0.486  -0.526  0.087   0.846   -0.193  0.957   -0.219  -0.105  10.184  1.411   209.165
0.261   0.842   0.472   -0.352  0.539   -0.765  -0.899  0.034   0.437   1.240   9.958   1.177   208.893
-0.985  0.072   -0.154  -0.170  -0.430  0.887   -0.002  0.900   0.436   1.239   10.764  -0.245  207.899
-0.640  -0.523  0.562   -0.244  0.833   0.496   -0.728  0.181   -0.661  0.834   17.131  -0.714  207.659
0.847   0.444   -0.292  -0.015  -0.530  -0.848  -0.531  0.723   -0.442  12.318  29.499  -3.847  207.373
-0.926  -0.203  -0.319  -0.377  0.414   0.829   -0.036  0.887   -0.460  -1.046  9.197   1.888   206.635
0.402   0.824   -0.399  0.780   -0.536  -0.322  -0.480  -0.181  -0.858  4.365   31.592  -1.414  206.035
0.676   0.124   -0.727  0.095   -0.992  -0.081  -0.731  -0.015  -0.682  22.072  26.135  -3.068  205.494
0.937   0.281   -0.208  0.326   -0.916  0.232   -0.126  -0.286  -0.950  15.408  38.522  6.035   205.326
-0.708  0.601   0.370   -0.147  0.387   -0.910  -0.690  -0.699  -0.186  -8.663  14.293  12.388  204.218
-0.301  -0.752  -0.587  -0.495  -0.403  0.770   -0.815  0.522   -0.251  12.209  32.033  -4.391  203.439
-0.968  -0.167  -0.185  -0.236  0.853   0.466   0.080   0.495   -0.865  -3.196  13.897  2.795   202.940
-0.223  -0.827  -0.517  0.031   -0.536  0.844   -0.974  0.172   0.145   13.233  34.353  0.175   202.559
-0.414  -0.897  -0.156  -0.866  0.441   -0.236  0.281   0.037   -0.959  -4.539  11.358  5.884   202.039
0.188   0.685   -0.704  -0.660  -0.442  -0.607  -0.727  0.579   0.369   21.788  21.794  -7.156  201.881
-0.511  -0.388  -0.767  -0.164  0.920   -0.357  0.844   -0.056  -0.534  -6.299  23.937  13.514  200.106
-0.448  0.210   0.869   0.630   0.763   0.141   -0.634  0.611   -0.474  3.416   22.887  -4.294  199.735
-0.021  0.697   0.717   0.270   0.694   -0.667  -0.963  0.179   -0.203  -1.349  8.835   0.680   199.565
-0.354  0.907   0.227   0.601   0.406   -0.688  -0.717  -0.107  -0.689  -4.205  12.172  4.477   198.862
-0.374  0.784   0.495   0.626   0.607   -0.489  -0.684  0.128   -0.718  1.035   22.381  -3.982  198.342
0.441   0.891   -0.103  -0.841  0.451   0.300   0.314   -0.045  0.948   -2.054  17.887  3.487   198.187
-0.374  0.674   -0.637  -0.628  -0.689  -0.361  -0.682  0.265   0.681   19.895  29.391  -1.250  198.147
0.849   0.521   -0.091  0.284   -0.594  -0.753  -0.446  0.613   -0.652  4.332   26.178  -2.155  197.231
-0.979  0.100   -0.177  -0.203  -0.424  0.882   0.013   0.900   0.436   0.974   10.726  -0.155  196.027
-0.740  -0.600  0.305   -0.605  0.791   0.088   -0.294  -0.119  -0.948  -1.489  16.922  0.678   193.852
-0.692  -0.382  -0.613  -0.466  -0.412  0.783   -0.552  0.827   0.107   1.083   7.804   -3.474  191.390
0.273   0.712   -0.647  -0.385  -0.535  -0.752  -0.882  0.454   0.128   -1.262  23.179  -0.816  191.351
-0.100  0.519   0.849   0.250   0.839   -0.484  -0.963  0.164   -0.214  0.120   8.499   0.330   191.241
-0.105  -0.939  0.326   0.792   -0.278  -0.544  0.602   0.201   0.773   16.038  28.313  -2.083  191.228
0.191   0.198   -0.961  -0.972  -0.097  -0.213  -0.135  0.975   0.174   -0.328  18.258  -1.407  190.189
0.341   -0.469  -0.815  -0.738  -0.670  0.077   -0.582  0.575   -0.575  3.095   27.540  -3.452  190.096
0.370   0.623   0.689   0.737   0.254   -0.626  -0.565  0.740   -0.365  12.222  28.511  -1.994  188.810
0.894   0.323   -0.310  0.120   0.493   0.861   0.431   -0.808  0.402   3.433   29.242  4.443   188.623
0.477   0.615   0.628   -0.716  -0.143  0.684   0.510   -0.776  0.371   -2.182  23.619  4.098   187.630
0.471   -0.375  -0.798  0.224   -0.825  0.520   -0.853  -0.423  -0.304  10.722  39.334  7.325   187.244
0.975   0.220   -0.041  0.121   -0.674  -0.728  -0.188  0.705   -0.684  4.192   27.489  -1.918  186.432
-0.731  0.682   0.033   0.682   0.728   0.062   0.018   0.068   -0.998  -7.722  18.229  7.591   186.122
0.589   -0.061  -0.806  0.094   -0.985  0.143   -0.803  -0.159  -0.574  21.197  32.525  1.836   185.071
0.016   0.935   0.353   -0.190  0.349   -0.918  -0.982  -0.053  0.183   -0.473  26.363  1.361   183.945
-0.804  -0.345  0.485   -0.440  0.893   -0.095  -0.400  -0.290  -0.869  -2.347  17.912  1.380   183.937
0.967   -0.009  0.256   0.249   0.270   -0.930  -0.060  0.963   0.263   11.007  33.828  1.940   183.232
-0.742  -0.595  0.308   -0.636  0.770   -0.046  -0.210  -0.230  -0.950  -2.149  17.421  1.916   183.171
-0.256  -0.866  -0.429  -0.467  -0.278  0.839   -0.846  0.415   -0.334  13.444  31.897  -3.026  182.868
-0.115  0.765   0.634   0.377   0.624   -0.684  -0.919  0.160   -0.360  1.317   8.271   0.433   182.801
-0.743  -0.166  0.649   -0.223  0.975   -0.006  -0.631  -0.149  -0.761  3.359   26.837  -1.282  180.864
-0.989  -0.007  -0.145  -0.141  -0.181  0.973   -0.033  0.984   0.178   1.568   11.610  -0.999  180.571
-0.681  0.453   0.575   -0.307  0.537   -0.786  -0.665  -0.712  -0.227  -6.032  16.648  11.677  180.299
0.815   0.189   -0.547  -0.227  -0.766  -0.602  -0.533  0.615   -0.582  6.023   27.616  -2.297  180.239
-0.502  -0.009  0.865   0.517   0.799   0.309   -0.693  0.602   -0.396  1.757   24.017  -3.116  180.197
-0.963  -0.022  -0.269  -0.264  -0.136  0.955   -0.058  0.991   0.125   -1.662  12.848  1.553   179.741
-0.183  -0.748  -0.638  -0.719  -0.341  0.606   -0.671  0.570   -0.475  10.790  2.478   -10.530  179.565
0.599   0.800   -0.043  0.435   -0.371  -0.820  -0.672  0.473   -0.570  3.476   27.196  -2.742  178.619
0.494   0.770   -0.403  -0.590  -0.043  -0.806  -0.638  0.636   0.433   0.106   21.139  -1.652  177.905
-0.811  0.113   -0.573  -0.211  -0.972  0.106   -0.545  0.207   0.812   14.919  29.706  -1.674  177.807
-0.644  0.439   0.626   -0.456  0.437   -0.775  -0.614  -0.785  -0.081  -7.792  18.634  11.380  176.909
0.733   0.677   -0.064  0.347   -0.454  -0.821  -0.585  0.580   -0.567  3.375   26.067  -2.624  176.509
-0.575  -0.783  -0.238  -0.374  -0.008  0.927   -0.728  0.622   -0.288  11.039  30.043  -3.557  176.369
-0.124  -0.823  -0.555  -0.017  -0.557  0.830   -0.992  0.112   0.055   14.744  34.840  -0.030  176.104
-0.098  0.992   -0.085  -0.905  -0.124  -0.406  -0.413  0.037   0.910   -1.774  20.912  0.882   175.646
-0.820  0.570   0.052   0.559   0.816   -0.146  -0.126  -0.091  -0.988  -8.014  14.911  6.308   174.716
0.301   -0.327  -0.896  -0.655  -0.754  0.055   -0.694  0.570   -0.441  23.398  15.370  -10.033  174.532
-0.937  0.035   0.347   -0.209  0.741   -0.638  -0.279  -0.670  -0.688  -3.248  20.924  11.307  174.485
0.617   0.653   -0.439  -0.368  -0.254  -0.895  -0.696  0.714   0.083   0.330   22.479  -2.354  174.249
-0.901  0.301   -0.313  -0.286  -0.954  -0.092  -0.326  0.007   0.945   12.006  30.769  -0.811  173.470
0.951   0.265   -0.163  -0.294  0.935   -0.200  0.099   0.238   0.966   4.131   14.595  -5.715  173.124
-0.699  0.655   0.286   0.071   0.462   -0.884  -0.712  -0.598  -0.369  -7.423  12.380  10.336  172.943
-0.964  0.118   -0.239  -0.267  -0.431  0.862   -0.002  0.895   0.447   -0.690  9.313   -0.365  171.876
-0.644  -0.176  0.744   -0.670  -0.339  -0.660  0.368   -0.924  0.100   -2.670  32.946  15.280  171.386
-0.597  0.790   0.136   0.759   0.612   -0.222  -0.259  -0.029  -0.965  -7.328  18.699  6.454   171.224
-0.048  -0.864  -0.501  -0.956  -0.106  0.273   -0.289  0.492   -0.821  35.702  13.722  -2.184  170.793
-0.158  -0.746  -0.647  -0.957  -0.047  0.287   -0.245  0.664   -0.706  0.412   19.192  -2.499  169.879
0.121   0.974   0.190   -0.993  0.116   0.037   0.014   -0.193  0.981   -1.091  15.287  3.637   169.679
0.801   -0.551  -0.234  -0.592  -0.787  -0.173  -0.089  0.276   -0.957  31.319  24.359  2.685   169.555
-0.481  -0.795  -0.370  -0.394  -0.181  0.901   -0.783  0.579   -0.226  11.260  31.805  -3.151  168.822
-0.853  -0.136  -0.504  -0.520  0.127   0.845   -0.051  0.982   -0.179  3.694   8.556   -3.225  168.396
-0.487  -0.849  -0.203  0.249   -0.358  0.900   -0.837  0.388   0.386   14.186  32.645  -1.587  167.220
0.216   0.031   -0.976  -0.971  0.115   -0.211  0.106   0.993   0.055   -1.300  19.750  0.047   166.949
-0.582  -0.114  0.805   -0.179  -0.948  -0.264  0.793   -0.298  0.531   13.120  30.482  1.389   166.599
-0.946  -0.098  0.307   -0.303  0.595   -0.744  -0.110  -0.798  -0.593  -5.749  23.474  12.659  166.417
-0.209  0.637   -0.742  0.919   -0.132  -0.372  -0.335  -0.760  -0.557  9.924   28.996  -1.097  165.745
0.944   0.050   -0.327  0.231   -0.806  0.545   -0.236  -0.590  -0.772  -2.013  34.442  14.422  165.668
0.709   0.640   -0.295  -0.519  0.191   -0.833  -0.477  0.744   0.468   0.810   20.871  -1.354  165.280
-0.567  -0.310  -0.763  -0.586  -0.498  0.639   -0.578  0.810   0.101   2.069   5.980   -4.107  164.893
-0.221  0.975   0.021   0.254   0.078   -0.964  -0.942  -0.207  -0.265  -3.702  16.507  4.659   164.750
-0.854  0.060   0.517   0.377   0.756   0.535   -0.359  0.652   -0.668  1.806   22.484  -2.640  164.538
-0.915  -0.307  -0.261  -0.400  0.762   0.508   0.043   0.570   -0.821  0.455   5.702   1.905   164.048
0.266   0.566   -0.780  -0.518  -0.599  -0.611  -0.813  0.567   0.133   22.847  22.495  -6.067  163.975
-0.347  -0.154  -0.925  -0.809  0.549   0.212   0.475   0.822   -0.315  -2.484  20.758  0.045   163.843
-0.142  0.387   -0.911  0.842   0.531   0.095   0.521   -0.753  -0.401  28.450  28.605  13.251  163.754
0.134   -0.939  0.316   -0.577  -0.334  -0.745  0.806   -0.083  -0.587  5.329   31.919  0.946   163.518
-0.618  -0.461  -0.637  -0.088  -0.764  0.639   -0.781  0.451   0.431   6.493   11.950  -8.772  163.423
0.613   0.624   0.485   -0.495  -0.175  0.851   0.616   -0.762  0.201   -1.386  24.941  4.003   162.895
-0.966  -0.257  -0.027  -0.207  0.707   0.677   -0.154  0.659   -0.736  1.267   11.237  -0.098  162.855
0.054   0.872   0.486   -0.105  0.489   -0.866  -0.993  -0.004  0.118   -1.193  26.382  1.355   162.718
0.648   0.753   -0.115  0.359   -0.434  -0.826  -0.672  0.494   -0.551  2.782   26.350  -2.415  161.558
-0.881  -0.390  -0.267  -0.187  0.806   -0.562  0.434   -0.445  -0.783  -1.246  25.807  7.470   161.165
0.112   0.994   -0.017  -0.989  0.110   -0.100  -0.097  0.028   0.995   -0.942  15.607  1.945   161.014
0.945   -0.118  0.304   -0.161  -0.980  0.120   0.283   -0.162  -0.945  30.296  27.957  8.373   160.343
0.059   0.998   -0.032  0.971   -0.050  0.234   0.231   -0.045  -0.972  -7.147  19.156  8.079   160.294
0.205   0.259   -0.944  -0.972  0.167   -0.165  0.115   0.951   0.286   -1.137  19.166  0.817   160.165
-0.728  0.392   -0.562  -0.516  -0.854  0.072   -0.452  0.342   0.824   10.473  29.977  -4.341  159.622
0.005   0.998   0.061   -0.966  0.020   -0.256  -0.257  -0.058  0.965   -1.712  15.375  2.412   158.325
0.775   0.259   -0.576  -0.418  -0.474  -0.775  -0.474  0.842   -0.259  5.962   21.446  -8.597  157.675
-0.131  -0.574  -0.808  -0.960  -0.131  0.248   -0.248  0.808   -0.534  -0.037  19.366  -2.885  157.398
0.977   0.189   -0.093  0.195   -0.640  0.743   0.081   -0.744  -0.663  0.882   36.017  15.698  156.779
-0.847  -0.265  -0.462  0.214   0.625   -0.751  0.487   -0.735  -0.472  -5.597  26.908  14.122  156.582
-0.077  -0.898  -0.434  -0.260  -0.402  0.878   -0.963  0.180   -0.202  14.840  32.836  -0.677  156.562
0.374   0.880   -0.294  0.482   -0.455  -0.749  -0.792  0.138   -0.594  20.088  18.194  -9.765  156.545
0.784   0.607   0.130   0.113   0.067   -0.991  -0.611  0.792   -0.017  5.536   27.418  -1.613  155.122
0.882   -0.459  -0.109  -0.379  -0.826  0.417   -0.281  -0.327  -0.902  34.134  26.523  8.931   154.884
-0.913  -0.314  0.259   -0.394  0.843   -0.366  -0.104  -0.436  -0.894  -4.926  20.237  10.244  153.470
0.705   -0.708  -0.037  -0.478  -0.513  0.713   -0.524  -0.485  -0.700  35.253  22.081  10.075  153.416
0.275   0.553   0.786   -0.959  0.098   0.267   0.070   -0.827  0.558   -1.819  17.704  0.775   153.355
-0.471  0.000   0.882   0.590   0.744   0.314   -0.656  0.668   -0.351  1.978   24.580  -2.619  153.230
-0.310  0.536   0.785   -0.863  -0.505  0.005   0.399   -0.676  0.619   -5.850  16.221  9.255   152.821
0.301   0.948   -0.101  0.289   -0.191  -0.938  -0.909  0.253   -0.331  -1.239  16.218  0.719   152.596
0.247   0.903   0.352   0.927   -0.114  -0.358  -0.283  0.415   -0.865  6.217   34.312  0.918   150.942
-0.832  -0.134  -0.538  -0.470  -0.345  0.812   -0.294  0.929   0.224   2.609   8.701   -2.733  150.931
0.580   0.706   0.407   -0.001  0.500   -0.866  -0.815  0.502   0.291   2.113   9.648   -4.024  149.983
-0.582  -0.755  -0.302  -0.348  -0.105  0.932   -0.735  0.647   -0.202  11.531  30.645  -4.264  149.726
0.117   0.950   -0.290  -0.842  -0.060  -0.536  -0.526  0.307   0.793   0.161   18.134  -0.705  149.148
-0.081  -0.897  -0.435  -0.260  -0.403  0.878   -0.962  0.184   -0.201  14.703  32.897  -0.711  148.584
0.945   -0.319  0.071   0.295   0.741   -0.604  0.140   0.591   0.794   9.171   32.184  -2.049  148.397
0.928   -0.181  0.325   -0.265  -0.934  0.239   0.261   -0.308  -0.915  27.913  30.515  8.956   147.214
0.152   0.970   -0.190  -0.988  0.143   -0.062  -0.033  0.197   0.980   0.111   13.964  -0.120  146.306
-0.942  -0.296  -0.158  -0.180  0.049   0.982   -0.284  0.954   -0.099  1.728   11.001  -2.636  145.566
-0.555  -0.319  -0.768  -0.657  0.734   0.170   0.509   0.599   -0.618  -7.088  17.553  10.243  144.381
-0.868  -0.473  0.151   -0.492  0.860   -0.132  -0.067  -0.189  -0.980  -5.425  8.439   7.217   144.169
-0.157  -0.848  -0.506  -0.376  -0.422  0.824   -0.913  0.320   -0.253  12.202  31.920  -2.208  144.017
0.055   -0.804  -0.592  -0.776  -0.407  0.481   -0.628  0.433   -0.647  8.801   32.995  -1.898  143.947
-0.711  0.559   0.427   0.046   0.644   -0.764  -0.702  -0.523  -0.484  -6.324  14.786  8.784   143.530
0.589   -0.799  -0.123  0.548   0.507   -0.666  0.594   0.325   0.736   25.602  17.416  -5.826  143.244
-0.522  -0.802  -0.291  -0.467  -0.017  0.884   -0.714  0.597   -0.366  11.844  30.505  -3.382  143.214
-0.250  -0.870  -0.425  -0.535  -0.242  0.810   -0.807  0.429   -0.405  13.356  31.851  -3.121  142.889
0.104   0.890   0.444   -0.159  0.455   -0.876  -0.982  0.021   0.189   -0.346  27.170  0.773   142.540
-0.715  -0.553  -0.428  0.021   -0.629  0.777   -0.698  0.547   0.462   23.847  22.497  -5.941  141.556
0.973   -0.222  -0.062  -0.230  -0.951  -0.207  -0.013  0.215   -0.976  25.665  31.374  4.477   141.105
0.013   0.652   0.758   0.123   0.751   -0.648  -0.992  0.102   -0.070  -0.986  10.008  0.799   140.851
-0.907  -0.332  0.259   0.179   0.252   0.951   -0.381  0.909   -0.169  -0.309  18.053  0.350   140.078
-0.190  0.967   -0.169  0.932   0.124   -0.340  -0.308  -0.222  -0.925  -6.535  18.214  8.804   139.893
0.601   0.187   0.777   0.156   -0.981  0.116   0.784   0.052   -0.619  1.499   34.993  14.075  139.804
-0.175  -0.977  0.122   -0.861  0.212   0.462   -0.477  -0.024  -0.879  4.680   27.519  0.433   139.398
0.263   0.952   0.159   0.565   -0.019  -0.825  -0.782  0.307   -0.542  -2.404  15.132  0.441   138.519
-0.985  0.039   -0.166  -0.146  -0.699  0.700   -0.088  0.714   0.695   0.458   10.927  -1.320  138.295
-0.931  -0.062  0.359   0.353   0.089   0.931   -0.090  0.994   -0.061  -1.153  18.787  0.974   138.022
0.782   0.501   0.371   -0.528  0.217   0.821   0.331   -0.838  0.434   -0.297  25.009  2.628   137.968
0.745   0.309   -0.591  0.048   -0.908  -0.415  -0.665  0.281   -0.692  26.692  24.359  -0.994  135.343
0.327   -0.551  -0.768  -0.884  0.110   -0.455  0.335   0.827   -0.451  19.540  25.019  -4.973  135.146
-0.175  -0.970  0.170   0.024   0.169   0.985   -0.984  0.176   -0.006  4.567   22.619  -0.129  134.911
-0.479  -0.835  -0.271  -0.154  -0.225  0.962   -0.864  0.503   -0.021  11.193  31.259  -2.424  133.264
0.717   0.531   -0.452  -0.477  -0.100  -0.873  -0.509  0.842   0.181   0.766   21.881  -1.805  132.975
-0.180  -0.838  -0.515  -0.373  -0.426  0.824   -0.910  0.341   -0.236  11.979  32.124  -2.318  132.589
-0.421  0.429   -0.799  0.789   0.608   -0.090  0.447   -0.668  -0.595  -1.735  33.105  14.798  132.411
-0.796  -0.305  -0.523  -0.554  0.017   0.832   -0.245  0.952   -0.182  -0.444  6.962   -0.808  132.363
-0.362  -0.837  -0.411  -0.705  -0.043  0.708   -0.610  0.546   -0.575  9.028   30.938  -2.827  132.363
-0.858  -0.488  0.160   -0.513  0.824   -0.242  -0.013  -0.290  -0.957  -5.404  9.278   8.999   131.505
-0.209  -0.914  -0.346  -0.757  -0.073  0.649   -0.619  0.398   -0.677  9.384   30.359  -1.780  130.393
-0.871  0.108   -0.478  -0.447  -0.575  0.685   -0.201  0.811   0.549   2.408   8.323   -2.369  130.135
-0.842  0.066   0.536   -0.383  0.627   -0.679  -0.381  -0.776  -0.502  -8.311  14.282  12.309  128.829
0.133   -0.733  -0.667  0.044   -0.668  0.743   -0.990  -0.128  -0.057  15.356  35.748  1.869   128.694
-0.514  0.851   -0.113  0.840   0.472   -0.267  -0.174  -0.232  -0.957  -1.375  29.361  3.663   128.475
0.989   -0.003  0.151   0.063   0.917   -0.394  -0.138  0.399   0.907   7.404   31.591  -0.508  128.224
0.231   -0.940  -0.250  0.760   0.335   -0.557  0.608   -0.062  0.792   0.277   34.165  5.034   127.475
0.855   -0.478  0.202   0.503   0.670   -0.546  0.126   0.568   0.813   3.618   31.179  -1.532  127.160
0.457   0.606   0.651   -0.840  0.052   0.540   0.293   -0.794  0.533   -2.730  25.384  4.428   126.288
0.761   -0.637  -0.126  -0.407  -0.619  0.672   -0.505  -0.460  -0.730  35.102  23.294  9.539   126.104
-0.946  0.130   -0.296  0.032   -0.872  -0.488  -0.322  -0.471  0.821   25.365  28.998  2.374   126.075
-0.762  -0.429  0.485   -0.474  0.880   0.034   -0.441  -0.204  -0.874  -1.999  18.000  0.807   125.863
0.810   0.523   -0.264  -0.559  0.826   -0.079  0.177   0.212   0.961   -0.968  17.390  0.040   125.601
0.922   0.329   0.205   0.351   -0.486  -0.800  -0.164  0.809   -0.564  15.223  32.176  -1.238  124.807
-0.418  -0.789  -0.449  -0.761  0.575   -0.301  0.496   0.216   -0.841  -6.112  15.312  9.683   123.136
-0.241  0.919   0.311   0.340   0.380   -0.860  -0.909  -0.102  -0.404  0.448   12.499  1.280   122.570
-0.466  -0.877  -0.114  0.529   -0.380  0.759   -0.709  0.293   0.641   14.016  31.782  -1.338  121.811
0.046   0.972   -0.228  0.845   -0.160  -0.509  -0.532  -0.170  -0.830  3.381   31.406  -0.687  121.542
0.029   -0.641  -0.767  -0.939  0.245   -0.240  0.342   0.727   -0.595  -1.251  19.365  -0.720  121.359
-0.772  -0.529  -0.352  -0.567  0.322   0.758   -0.288  0.785   -0.549  -0.529  10.169  -0.193  121.057
-0.218  -0.883  -0.416  -0.459  -0.283  0.842   -0.861  0.374   -0.344  13.359  32.122  -2.336  120.894
0.628   0.550   -0.550  -0.523  -0.226  -0.822  -0.576  0.804   0.146   0.796   22.107  -1.785  120.546
-0.321  0.221   0.921   0.686   0.725   0.065   -0.653  0.653   -0.384  4.392   23.436  -4.375  120.442
-0.655  0.013   0.756   -0.582  0.630   -0.515  -0.482  -0.777  -0.405  -7.820  11.415  10.806  119.765
-0.834  -0.544  0.094   -0.502  0.818   0.279   -0.229  0.186   -0.956  -2.354  6.401   3.886   119.550
-0.072  -0.830  -0.554  -0.695  -0.356  0.625   -0.715  0.430   -0.551  12.427  32.266  -2.841  118.906
-0.726  0.253   0.640   -0.482  0.477   -0.735  -0.491  -0.842  -0.224  -8.817  23.265  14.914  118.755
-0.079  -0.779  -0.622  -0.629  -0.445  0.637   -0.773  0.441   -0.455  12.094  32.576  -2.825  117.994
0.284   0.867   0.411   -0.829  0.437   -0.349  -0.482  -0.241  0.842   -0.002  27.210  3.135   116.879
-0.500  -0.852  -0.156  0.612   -0.475  0.632   -0.613  0.221   0.759   13.073  33.810  -1.465  116.418
-0.102  -0.630  -0.770  -0.416  -0.675  0.609   -0.903  0.383   -0.193  9.114   34.468  -2.503  116.100
0.650   0.485   0.585   -0.643  -0.058  0.763   0.404   -0.873  0.274   -0.608  25.476  3.174   115.990
-0.431  0.895   0.113   0.410   0.306   -0.859  -0.804  -0.324  -0.499  -3.887  13.242  6.941   115.798
0.123   0.898   0.423   -0.792  0.345   -0.503  -0.597  -0.273  0.754   0.209   26.500  1.098   115.109
-0.989  0.095   0.113   -0.144  -0.787  -0.600  0.032   -0.610  0.792   22.902  30.464  6.450   114.864
0.670   0.677   -0.305  0.040   -0.443  -0.896  -0.741  0.588   -0.324  3.287   25.316  -3.314  114.154
-0.676  -0.620  0.398   -0.242  0.697   0.675   -0.696  0.360   -0.621  1.595   20.075  -0.854  113.478
0.411   0.859   -0.306  0.687   -0.512  -0.515  -0.599  0.002   -0.801  0.089   28.937  2.688   113.236
-0.273  -0.898  -0.347  0.681   -0.434  0.590   -0.680  -0.075  0.730   -0.390  23.894  0.863   112.444
0.768   0.075   -0.636  -0.491  -0.570  -0.659  -0.412  0.818   -0.401  7.891   22.449  -8.232  112.166
-0.244  -0.499  0.831   -0.312  -0.771  -0.555  0.918   -0.395  0.032   -3.179  27.665  3.999   112.161
0.073   0.101   0.992   -0.744  -0.657  0.121   0.664   -0.747  0.027   -3.579  24.785  5.165   111.627
-0.919  0.326   -0.222  0.102   0.740   0.665   0.381   0.589   -0.713  -1.371  5.341   1.500   111.500
-0.683  -0.545  0.486   -0.654  0.753   -0.075  -0.325  -0.369  -0.871  -1.781  17.068  1.655   111.385
-0.492  0.819   0.294   0.525   0.549   -0.651  -0.695  -0.166  -0.700  -5.547  10.492  5.239   110.949
0.920   -0.363  0.145   -0.244  -0.824  -0.512  0.305   0.435   -0.847  34.225  19.054  1.615   110.810
-0.467  0.036   0.883   0.206   0.976   0.069   -0.860  0.214   -0.463  -1.393  18.593  -1.491  109.865
0.917   0.373   -0.138  -0.108  -0.099  -0.989  -0.383  0.922   -0.050  12.509  29.557  -2.167  109.571
0.150   0.669   0.728   -0.913  0.377   -0.158  -0.380  -0.641  0.667   -5.069  18.776  5.265   109.373
-0.394  -0.845  -0.362  -0.918  0.346   0.191   -0.036  0.408   -0.912  -0.649  4.321   3.775   108.221
0.642   0.625   0.444   -0.677  0.734   -0.054  -0.360  -0.266  0.894   2.923   17.522  -5.163  108.188
0.281   0.821   0.496   -0.083  0.536   -0.840  -0.956  0.195   0.219   1.151   28.327  -0.761  107.627
-0.970  0.015   -0.244  -0.091  0.905   0.416   0.227   0.426   -0.876  -5.135  11.446  6.096   107.452
-0.092  -0.867  -0.490  -0.563  -0.361  0.743   -0.821  0.344   -0.455  13.291  33.113  -2.119  107.036
-0.130  -0.716  -0.686  -0.508  -0.545  0.666   -0.851  0.435   -0.293  8.211   33.803  -1.777  106.672
-0.154  0.980   -0.122  -0.758  -0.197  -0.622  -0.633  -0.004  0.774   -1.921  21.042  0.059   105.794
-0.655  0.429   0.622   -0.395  0.506   -0.766  -0.644  -0.748  -0.162  -7.852  17.646  11.162  105.673
0.783   -0.008  -0.622  0.107   -0.983  0.148   -0.613  -0.182  -0.769  26.399  28.312  6.320   105.487
-0.223  0.680   -0.699  -0.683  -0.620  -0.385  -0.695  0.391   0.603   21.477  23.617  -5.875  104.790
-0.067  -0.783  -0.619  0.694   0.409   -0.592  0.717   -0.470  0.516   0.103   31.510  9.499   103.802
0.069   0.614   0.786   0.841   0.388   -0.377  -0.537  0.687   -0.489  11.070  29.154  -1.754  101.837
-0.906  0.162   0.391   -0.271  0.488   -0.830  -0.325  -0.858  -0.398  -9.312  17.644  13.697  101.265
-0.102  -0.828  -0.552  -0.983  0.168   -0.070  0.150   0.536   -0.831  -2.469  9.731   5.372   100.944
-0.101  -0.478  -0.873  0.246   0.838   -0.487  0.964   -0.264  0.033   -0.052  16.414  0.747   100.455
-0.243  -0.534  -0.810  0.197   0.791   -0.580  0.950   -0.300  -0.087  -0.198  19.039  1.406   100.077
-0.901  -0.397  -0.173  -0.432  0.859   0.276   0.039   0.323   -0.945  0.973   23.461  -0.518  99.795
0.741   0.424   0.521   -0.565  -0.026  0.825   0.363   -0.905  0.220   -1.266  24.573  3.232   99.430
-0.979  0.195   0.056   -0.197  -0.858  -0.475  -0.045  -0.476  0.878   21.464  30.353  3.683   99.041
-0.202  -0.827  -0.524  -0.183  -0.494  0.850   -0.962  0.268   -0.052  11.585  32.569  -1.884  98.895
-0.324  -0.847  -0.421  -0.853  0.455   -0.258  0.410   0.276   -0.870  9.516   25.355  -3.922  98.560
-0.112  -0.905  -0.410  -0.993  0.115   0.018   0.031   0.410   -0.912  -3.009  9.004   3.785   98.497
0.016   0.783   -0.622  -0.708  -0.430  -0.560  -0.706  0.449   0.548   -0.669  22.783  -1.285  98.308
-0.965  -0.062  -0.253  -0.165  0.897   0.410   0.202   0.438   -0.876  -5.006  12.766  5.573   97.919
0.202   0.672   -0.712  0.513   -0.692  -0.507  -0.834  -0.263  -0.485  0.182   30.460  5.595   97.912
0.460   -0.688  -0.561  0.128   -0.574  0.809   -0.879  -0.444  -0.176  21.278  35.316  6.024   97.715
0.233   0.722   0.651   -0.158  0.689   -0.708  -0.960  0.062   0.274   0.238   26.519  0.785   97.701
0.916   -0.245  0.318   -0.074  -0.881  -0.467  0.394   0.404   -0.825  33.026  20.924  2.326   97.414
0.490   0.870   0.051   0.869   -0.492  0.047   0.066   0.021   -0.998  -4.162  27.036  7.277   96.896
0.422   0.032   -0.906  -0.903  -0.066  -0.424  -0.073  0.997   0.001   0.014   18.501  -0.101  96.681
0.075   -0.995  0.063   -0.973  -0.087  -0.212  0.216   -0.046  -0.975  5.883   32.558  2.290   96.524
-0.007  0.878   -0.478  -0.426  -0.435  -0.793  -0.905  0.198   0.378   -1.239  23.120  -0.950  95.992
-0.587  -0.803  0.097   0.262   -0.075  0.962   -0.766  0.591   0.254   13.259  29.784  -3.750  95.899
-0.536  -0.762  -0.364  0.267   -0.562  0.783   -0.801  0.322   0.505   32.251  19.262  -1.765  95.286
-0.885  0.465   -0.020  0.273   0.484   -0.831  -0.377  -0.741  -0.556  -7.346  20.812  13.083  95.261
0.778   0.278   -0.564  0.279   -0.956  -0.087  -0.564  -0.089  -0.821  24.240  20.171  -7.060  94.277
0.656   0.746   0.118   0.752   -0.659  -0.014  0.067   0.098   -0.993  27.618  29.621  6.719   93.467
-0.410  -0.589  -0.697  0.064   0.743   -0.666  0.910   -0.317  -0.267  1.332   19.443  2.695   93.065
0.597   -0.802  0.010   0.551   0.400   -0.733  0.584   0.443   0.680   7.527   35.815  2.710   92.570
-0.048  -0.975  0.219   -0.788  -0.097  -0.608  0.614   -0.202  -0.763  9.070   32.524  2.356   91.712
0.558   -0.059  -0.828  0.187   -0.963  0.195   -0.808  -0.264  -0.526  20.912  32.429  3.414   90.774
-0.130  -0.820  -0.557  -0.319  -0.497  0.807   -0.939  0.282   -0.197  12.015  32.678  -1.964  90.556
-0.013  0.929   0.371   -0.268  0.354   -0.896  -0.963  -0.111  0.244   -0.817  19.651  -0.678  89.968
-0.854  -0.475  0.214   -0.099  -0.257  -0.961  0.511   -0.842  0.172   0.382   35.718  13.411  88.946
-0.487  -0.689  -0.537  -0.128  0.664   -0.737  0.864   -0.290  -0.411  0.247   21.701  2.373   88.864
0.153   -0.950  0.271   -0.947  -0.062  0.316   -0.284  -0.305  -0.909  39.676  14.834  7.283   88.796
-0.651  0.738   0.179   0.759   0.637   0.138   -0.012  0.225   -0.974  -8.096  16.249  6.433   88.708
0.265   0.856   -0.444  -0.713  -0.136  -0.687  -0.648  0.499   0.575   0.123   18.370  -1.703  87.270
0.177   0.807   -0.564  -0.354  -0.482  -0.801  -0.919  0.341   0.200   -0.612  23.459  -2.119  87.235
0.361   -0.434  -0.826  -0.758  -0.653  0.012   -0.544  0.621   -0.564  3.132   27.684  -3.455  86.831
-0.403  -0.889  0.217   -0.785  0.457   0.417   -0.470  -0.002  -0.883  3.964   27.034  0.370   85.434
0.001   -0.790  -0.613  -0.482  -0.538  0.692   -0.876  0.295   -0.381  12.471  35.195  -1.320  84.018
-0.092  -0.768  -0.634  -0.697  -0.406  0.592   -0.712  0.496   -0.498  3.653   29.806  -2.705  84.004
0.590   -0.538  -0.602  -0.723  -0.021  -0.690  0.358   0.843   -0.402  18.893  22.184  -5.228  83.656
0.526   -0.650  -0.548  -0.137  -0.701  0.700   -0.839  -0.293  -0.458  19.224  37.295  5.122   83.608
0.622   -0.521  -0.585  0.060   -0.713  0.699   -0.781  -0.469  -0.412  13.002  37.377  8.460   83.537
-0.802  -0.382  -0.459  -0.550  0.171   0.818   -0.234  0.908   -0.347  -0.665  7.170   -0.714  83.350
-0.085  -0.903  -0.421  -0.719  -0.237  0.654   -0.690  0.358   -0.629  13.299  32.172  -1.920  81.625
0.752   0.533   -0.388  -0.228  -0.343  -0.911  -0.619  0.774   -0.137  1.027   22.777  -2.648  81.509
-0.040  -0.936  0.350   0.516   0.281   0.809   -0.855  0.213   0.472   1.082   24.124  -0.379  80.848
0.723   -0.473  -0.503  -0.690  -0.521  -0.502  -0.024  0.710   -0.703  8.040   29.762  -2.953  79.355
0.940   0.291   -0.180  0.048   0.408   0.912   0.339   -0.865  0.370   -5.837  15.064  12.573  77.417
-0.346  -0.838  -0.422  0.068   -0.471  0.880   -0.936  0.275   0.220   32.914  18.713  -1.624  76.221
-0.235  -0.840  -0.488  -0.586  -0.278  0.761   -0.775  0.465   -0.427  9.156   32.568  -2.251  76.004
0.635   0.748   -0.194  0.124   -0.346  -0.930  -0.763  0.566   -0.313  4.557   25.355  -3.922  75.258
0.469   -0.432  -0.771  -0.240  -0.902  0.359   -0.850  0.017   -0.527  16.526  35.499  0.352   74.987
-0.338  -0.778  -0.530  -0.579  -0.272  0.769   -0.742  0.567   -0.359  9.032   31.841  -2.573  74.513
0.188   0.625   -0.758  0.894   -0.429  -0.132  -0.407  -0.653  -0.639  15.002  28.575  -1.815  74.440
-0.286  0.210   -0.935  -0.444  -0.894  -0.065  -0.849  0.396   0.349   25.488  22.869  -2.404  74.021
0.671   0.245   -0.700  -0.200  -0.849  -0.489  -0.714  0.468   -0.521  19.329  19.848  -9.785  73.827
0.780   0.031   -0.625  -0.132  0.985   -0.116  0.612   0.172   0.772   1.191   9.936   -4.264  72.604
0.835   -0.078  0.544   0.362   -0.666  -0.652  0.413   0.742   -0.528  11.045  32.508  -1.609  72.000
0.944   0.313   0.107   0.315   -0.752  -0.579  -0.101  0.580   -0.808  11.313  33.507  1.587   71.970
-0.169  -0.710  -0.684  -0.234  0.703   -0.672  0.957   0.047   -0.285  2.884   21.079  -1.759  71.752
-0.196  -0.805  -0.559  -0.579  -0.365  0.729   -0.792  0.467   -0.394  9.640   31.570  -2.835  71.738
-0.019  -0.909  0.417   0.297   0.393   0.870   -0.955  0.141   0.262   1.705   23.689  -0.812  70.205
0.352   0.909   0.223   0.927   -0.305  -0.219  -0.132  0.284   -0.950  0.420   29.982  4.325   70.045
-0.415  -0.759  -0.501  -0.234  -0.443  0.865   -0.879  0.476   0.006   32.329  17.864  -3.169  69.932
-0.674  -0.587  -0.449  -0.555  0.000   0.832   -0.488  0.810   -0.326  0.544   8.676   -2.419  69.925
-0.093  -0.909  -0.407  -0.654  -0.252  0.714   -0.751  0.333   -0.570  13.290  32.135  -1.944  69.838
0.764   0.527   0.371   0.569   -0.279  -0.774  -0.304  0.802   -0.513  10.423  33.713  -0.028  68.887
-0.289  0.942   -0.172  0.939   0.245   -0.242  -0.185  -0.232  -0.955  -7.047  16.843  8.981   68.611
0.629   0.777   -0.029  -0.079  0.027   -0.997  -0.773  0.629   0.078   7.184   23.778  -6.608  67.932
-0.419  -0.419  -0.806  -0.336  0.896   -0.290  0.843   0.149   -0.516  0.913   17.258  -0.839  67.780
0.287   -0.245  -0.926  -0.058  0.961   -0.272  0.956   0.131   0.262   -0.173  15.400  -2.159  66.448
-0.609  -0.768  -0.199  0.417   -0.523  0.743   -0.675  0.370   0.639   32.233  18.784  -2.577  66.110
-0.387  -0.424  -0.819  -0.321  0.894   -0.311  0.864   0.143   -0.482  1.095   16.975  -0.742  65.145
0.467   0.602   0.647   0.114   0.685   -0.720  -0.877  0.410   0.251   4.094   6.642   -3.448  63.963
-0.312  0.278   -0.908  -0.385  -0.911  -0.146  -0.868  0.305   0.392   25.136  22.881  -1.679  63.595
-0.581  -0.683  -0.442  0.604   0.002   -0.797  0.546   -0.730  0.412   32.316  23.159  10.446  63.344
-0.541  -0.826  -0.159  -0.219  -0.044  0.975   -0.812  0.562   -0.157  11.478  30.087  -2.979  60.960
-0.121  -0.851  -0.511  -0.985  0.168   -0.047  0.126   0.498   -0.858  -2.853  9.639   4.908   59.237
-0.168  -0.793  -0.586  -0.561  -0.412  0.718   -0.811  0.450   -0.375  9.436   31.968  -2.565  58.153
-0.756  0.594   0.276   0.556   0.359   0.749   0.346   0.720   -0.602  -1.056  16.200  -0.328  57.998
-0.352  -0.727  -0.589  -0.274  -0.522  0.808   -0.895  0.445   -0.015  31.845  19.221  -2.619  57.685
0.194   0.792   0.579   -0.223  0.611   -0.760  -0.955  0.018   0.295   0.554   25.525  0.993   57.593
0.842   0.523   -0.136  0.155   -0.476  -0.866  -0.517  0.707   -0.482  3.864   25.653  -2.236  57.311
-0.971  0.011   -0.238  -0.090  0.908   0.410   0.221   0.420   -0.881  -4.682  11.588  6.000   57.067
0.036   -0.906  0.421   -0.284  -0.413  -0.865  0.958   -0.089  -0.272  4.815   31.951  1.251   54.702
0.981   -0.192  -0.025  0.189   0.977   -0.097  0.043   0.090   0.995   6.442   32.810  -0.868  54.669
0.809   0.341   -0.480  0.255   0.533   0.807   0.530   -0.775  0.344   7.046   31.659  2.530   54.568
0.071   -0.468  -0.881  -0.062  -0.884  0.464   -0.996  0.022   -0.092  20.805  29.072  0.801   54.177
-0.343  -0.846  -0.409  -0.566  -0.162  0.809   -0.750  0.509   -0.423  9.465   31.732  -2.671  53.110
0.691   0.494   0.527   -0.577  0.816   -0.009  -0.435  -0.298  0.850   -0.657  24.925  3.213   52.996
0.651   -0.758  -0.048  0.572   0.531   -0.625  0.499   0.379   0.779   8.872   35.132  1.584   52.818
-0.618  -0.571  0.540   -0.111  0.744   0.659   -0.779  0.347   -0.523  3.263   26.756  -1.011  52.808
-0.384  -0.821  -0.422  0.022   -0.466  0.885   -0.923  0.330   0.197   4.847   31.788  -0.393  52.434
-0.063  -0.699  -0.712  -0.670  -0.500  0.549   -0.740  0.511   -0.437  7.432   33.214  -2.513  51.870
-0.409  -0.804  -0.431  -0.183  -0.390  0.902   -0.894  0.448   0.012   6.176   31.965  -1.123  49.287
-0.083  0.705   0.704   -0.899  0.253   -0.359  -0.431  -0.663  0.613   -2.782  21.363  4.902   49.223
0.594   -0.802  0.068   0.662   0.438   -0.608  0.458   0.407   0.791   8.867   30.260  -4.123  48.187
0.295   -0.516  -0.804  0.022   -0.838  0.546   -0.955  -0.179  -0.236  17.469  33.562  1.161   47.609
-0.758  -0.451  0.471   -0.070  -0.662  -0.746  0.648   -0.599  0.470   -0.450  33.011  10.754  45.116
-0.815  -0.568  0.114   -0.431  0.463   -0.775  0.387   -0.681  -0.622  -7.976  17.052  13.815  45.003
0.888   0.259   -0.380  -0.413  0.086   -0.907  -0.202  0.962   0.183   1.703   21.960  -2.024  44.714
-0.379  -0.781  -0.497  -0.372  -0.363  0.854   -0.847  0.508   -0.153  5.019   31.610  -1.264  44.378
0.717   0.500   -0.486  -0.389  -0.293  -0.874  -0.579  0.815   -0.016  1.239   22.210  -2.165  43.754
-0.111  -0.798  -0.593  -0.532  -0.456  0.714   -0.840  0.394   -0.374  9.328   33.453  -1.844  43.749
0.671   -0.383  -0.635  -0.732  -0.481  -0.483  -0.121  0.789   -0.603  7.987   29.653  -3.908  43.358
0.947   -0.116  0.301   -0.197  -0.946  0.256   0.255   -0.301  -0.919  2.661   35.917  10.253  41.980
-0.070  -0.737  -0.672  -0.549  -0.534  0.643   -0.833  0.414   -0.367  7.420   33.449  -1.509  41.885
-0.924  -0.335  0.182   -0.372  0.897   -0.238  -0.083  -0.287  -0.954  -6.483  11.271  10.022  41.726
-0.300  -0.807  -0.509  -0.439  -0.357  0.825   -0.847  0.471   -0.247  8.916   33.059  -2.131  41.285
0.654   0.496   0.571   -0.746  0.296   0.597   0.127   -0.817  0.563   -1.245  23.784  1.177   41.138
0.316   0.441   0.840   -0.485  0.836   -0.257  -0.815  -0.326  0.478   -1.504  23.506  2.748   40.040
-0.076  0.943   0.322   -0.031  0.321   -0.947  -0.997  -0.082  0.005   -1.254  19.880  -1.060  36.114
-0.645  -0.581  -0.496  -0.466  0.814   -0.347  0.606   0.007   -0.796  -6.544  16.822  9.802   36.106
0.408   0.631   -0.660  -0.441  -0.497  -0.747  -0.800  0.596   0.075   0.177   22.145  -2.700  34.217
0.313   -0.949  -0.034  0.770   0.232   0.594   -0.556  -0.212  0.804   0.937   24.525  0.732   33.647
0.010   -0.474  -0.881  0.788   0.545   -0.285  0.615   -0.691  0.379   37.346  14.076  10.057  33.424
0.061   -0.978  0.202   -0.761  0.086   0.643   -0.646  -0.193  -0.739  40.625  11.397  5.206   33.327
0.220   -0.487  -0.845  0.067   -0.857  0.511   -0.973  -0.169  -0.156  6.141   35.587  2.172   32.453
-0.238  -0.893  -0.382  -0.586  -0.182  0.790   -0.775  0.412   -0.480  9.980   31.837  -1.744  31.475
0.909   0.416   -0.005  0.132   -0.299  -0.945  -0.395  0.859   -0.327  5.619   26.155  -2.461  30.591
0.618   -0.768  -0.169  0.088   0.281   -0.956  0.781   0.575   0.241   12.319  27.955  -4.764  30.320
-0.252  -0.840  -0.481  0.266   -0.538  0.800   -0.930  0.073   0.359   32.557  18.914  -0.056  27.497
-0.329  -0.839  -0.433  -0.517  -0.224  0.826   -0.791  0.495   -0.360  9.887   31.862  -2.500  26.121
-0.188  -0.765  -0.616  0.065   -0.635  0.770   -0.980  0.105   0.169   7.895   33.760  0.410   25.233
0.925   0.186   0.330   -0.332  -0.022  0.943   0.183   -0.982  0.041   -7.129  21.073  15.607  23.730
0.392   -0.210  -0.896  0.075   -0.963  0.258   -0.917  -0.168  -0.362  6.454   34.232  2.441   23.342
0.830   -0.403  -0.386  -0.542  -0.417  -0.729  0.133   0.814   -0.565  8.953   31.466  -1.546  23.252
0.097   -0.978  0.183   -0.633  0.082   0.770   -0.768  -0.191  -0.612  40.336  10.809  4.091   22.617
-0.939  -0.329  -0.103  -0.229  0.818   -0.528  0.258   -0.472  -0.843  -8.447  18.339  11.997  21.751
-0.931  -0.363  0.030   0.047   -0.203  -0.978  0.361   -0.909  0.207   8.320   37.402  13.908  21.438
0.112   -0.482  -0.869  0.057   -0.870  0.489   -0.992  -0.105  -0.070  6.068   35.407  1.956   19.407
-0.202  -0.792  -0.576  0.033   -0.593  0.805   -0.979  0.144   0.146   8.377   33.341  -0.391  16.742
-0.595  0.425   0.682   -0.517  0.447   -0.730  -0.615  -0.787  -0.046  -6.525  25.869  11.563  14.711
-0.180  -0.537  -0.825  0.025   -0.840  0.541   -0.983  0.076   0.164   6.901   35.529  0.511   13.590
0.837   0.334   -0.433  0.152   0.618   0.771   0.525   -0.712  0.466   6.737   31.289  2.675   9.538 
-0.944  -0.209  0.257   -0.313  0.815   -0.488  -0.107  -0.541  -0.834  -7.941  14.800  11.087  7.488 
0.149   0.324   -0.934  -0.565  -0.748  -0.349  -0.812  0.580   0.071   5.492   25.234  -4.508  4.117 
-0.772  -0.570  0.282   -0.565  0.411   -0.716  0.292   -0.711  -0.639  -7.862  15.154  12.841  4.031 
-0.222  -0.792  -0.569  -0.304  -0.499  0.812   -0.927  0.353   -0.130  8.023   32.908  -1.767  1.605 
0.920   -0.175  0.351   -0.253  -0.948  0.191   0.299   -0.265  -0.917  3.408   35.955  9.700   -0.702
0.244   0.875   0.419   0.966   -0.180  -0.187  -0.088  0.450   -0.889  4.047   33.979  3.071   -4.417
-0.135  -0.852  -0.505  -0.285  -0.455  0.844   -0.949  0.258   -0.182  33.137  18.824  -1.282  -6.192
0.936   0.279   0.215   0.351   -0.695  -0.627  -0.025  0.662   -0.749  10.445  34.149  1.939   -6.813
0.711   -0.160  -0.685  -0.017  -0.978  0.210   -0.703  -0.138  -0.698  11.676  38.198  4.565   -6.849
-0.044  -0.752  -0.658  -0.507  -0.551  0.663   -0.861  0.363   -0.357  7.434   33.748  -1.506  -11.676
-0.667  0.156   0.729   -0.598  -0.696  -0.397  0.445   -0.700  0.558   23.944  30.254  7.453   -13.656
0.516   -0.392  -0.761  -0.141  -0.916  0.376   -0.845  -0.087  -0.528  15.651  35.441  2.273   -20.714
0.734   -0.668  -0.121  -0.453  -0.349  -0.821  0.507   0.657   -0.558  7.565   30.869  -0.385  -23.336
-0.197  -0.733  -0.651  -0.526  -0.481  0.701   -0.827  0.481   -0.290  31.935  19.061  -3.031  -25.435
0.131   0.782   -0.609  -0.588  -0.434  -0.683  -0.798  0.448   0.402   2.167   21.444  -3.856  -28.813
-0.994  -0.084  0.067   -0.106  0.883   -0.458  -0.021  -0.462  -0.887  -8.593  16.026  11.463  -28.992
0.651   -0.577  -0.493  -0.234  -0.771  0.593   -0.722  -0.271  -0.637  13.791  38.242  6.495   -31.269
-0.046  -0.842  -0.538  -0.589  -0.412  0.695   -0.807  0.348   -0.477  9.634   33.383  -1.345  -46.141
0.583   0.690   -0.430  0.705   -0.692  -0.155  -0.404  -0.213  -0.890  20.806  26.781  -4.403  -46.993
-0.427  -0.480  0.766   0.413   0.650   0.638   -0.804  0.589   -0.079  0.935   18.880  -3.433  -48.144
-0.523  0.821   -0.229  0.684   0.243   -0.688  -0.509  -0.516  -0.688  -7.506  20.407  9.279   -58.249
-0.608  -0.341  -0.717  -0.664  0.713   0.224   0.435   0.612   -0.660  -0.033  18.968  -3.004  -61.086
0.494   0.541   -0.681  -0.319  -0.616  -0.720  -0.809  0.573   -0.132  0.799   22.649  -3.049  -61.811
-0.446  0.006   0.895   0.868   0.245   0.431   -0.217  0.969   -0.114  1.210   18.458  -4.672  -82.153
